<?xml version="1.0" encoding="UTF-8"?>
<testsuite name="com.project.demo.DemoApplicationTests" tests="1" skipped="0" failures="0" errors="0" timestamp="2025-06-22T20:46:21" hostname="devbox" time="0.882">
  <properties/>
  <testcase name="contextLoads()" classname="com.project.demo.DemoApplicationTests" time="0.882"/>
  <system-out><![CDATA[20:46:15.365 [Test worker] INFO org.springframework.test.context.support.AnnotationConfigContextLoaderUtils -- Could not detect default configuration classes for test class [com.project.demo.DemoApplicationTests]: DemoApplicationTests does not declare any static, non-private, non-final, nested classes annotated with @Configuration.
20:46:15.481 [Test worker] INFO org.springframework.boot.test.context.SpringBootTestContextBootstrapper -- Found @SpringBootConfiguration com.project.demo.DemoApplication for test class com.project.demo.DemoApplicationTests
2025-06-22T20:46:15.912Z  INFO 6709 --- [    Test worker] com.project.demo.DemoApplicationTests    : Starting DemoApplicationTests using Java 21.0.7 with PID 6709 (started by jules in /app)
2025-06-22T20:46:15.918Z  INFO 6709 --- [    Test worker] com.project.demo.DemoApplicationTests    : No active profile set, falling back to 1 default profile: "default"
2025-06-22T20:46:16.720Z  INFO 6709 --- [    Test worker] .s.d.r.c.RepositoryConfigurationDelegate : Bootstrapping Spring Data JPA repositories in DEFAULT mode.
2025-06-22T20:46:16.815Z  INFO 6709 --- [    Test worker] .s.d.r.c.RepositoryConfigurationDelegate : Finished Spring Data repository scanning in 86 ms. Found 8 JPA repository interfaces.
2025-06-22T20:46:17.397Z  INFO 6709 --- [    Test worker] o.hibernate.jpa.internal.util.LogHelper  : HHH000204: Processing PersistenceUnitInfo [name: default]
2025-06-22T20:46:17.456Z  INFO 6709 --- [    Test worker] org.hibernate.Version                    : HHH000412: Hibernate ORM core version 6.4.4.Final
2025-06-22T20:46:17.492Z  INFO 6709 --- [    Test worker] o.h.c.internal.RegionFactoryInitiator    : HHH000026: Second-level cache disabled
2025-06-22T20:46:17.782Z  INFO 6709 --- [    Test worker] o.s.o.j.p.SpringPersistenceUnitInfo      : No LoadTimeWeaver setup: ignoring JPA class transformer
2025-06-22T20:46:17.815Z  INFO 6709 --- [    Test worker] com.zaxxer.hikari.HikariDataSource       : HikariPool-1 - Starting...
2025-06-22T20:46:18.028Z  INFO 6709 --- [    Test worker] com.zaxxer.hikari.pool.HikariPool        : HikariPool-1 - Added connection conn0: url=jdbc:h2:mem:testdb user=SA
2025-06-22T20:46:18.031Z  INFO 6709 --- [    Test worker] com.zaxxer.hikari.HikariDataSource       : HikariPool-1 - Start completed.
2025-06-22T20:46:18.059Z  WARN 6709 --- [    Test worker] org.hibernate.orm.deprecation            : HHH90000025: H2Dialect does not need to be specified explicitly using 'hibernate.dialect' (remove the property setting and it will be selected by default)
2025-06-22T20:46:19.207Z  INFO 6709 --- [    Test worker] o.h.e.t.j.p.i.JtaPlatformInitiator       : HHH000489: No JTA platform available (set 'hibernate.transaction.jta.platform' to enable JTA platform integration)
2025-06-22T20:46:19.287Z  INFO 6709 --- [    Test worker] j.LocalContainerEntityManagerFactoryBean : Initialized JPA EntityManagerFactory for persistence unit 'default'
2025-06-22T20:46:19.632Z  INFO 6709 --- [    Test worker] o.s.d.j.r.query.QueryEnhancerFactory     : Hibernate is in classpath; If applicable, HQL parser will be used.
2025-06-22T20:46:20.248Z  WARN 6709 --- [    Test worker] JpaBaseConfiguration$JpaWebConfiguration : spring.jpa.open-in-view is enabled by default. Therefore, database queries may be performed during view rendering. Explicitly configure spring.jpa.open-in-view to disable this warning
2025-06-22T20:46:21.053Z  INFO 6709 --- [    Test worker] o.s.s.web.DefaultSecurityFilterChain     : Will secure any request with [org.springframework.security.web.session.DisableEncodeUrlFilter@6e13e2fc, org.springframework.security.web.context.request.async.WebAsyncManagerIntegrationFilter@13448d2d, org.springframework.security.web.context.SecurityContextHolderFilter@441e789e, org.springframework.security.web.header.HeaderWriterFilter@644e9953, org.springframework.web.filter.CorsFilter@383b3357, org.springframework.security.web.authentication.logout.LogoutFilter@51ba8929, com.project.demo.logic.entity.auth.JwtAuthenticationFilter@c4f6d5b, org.springframework.security.web.savedrequest.RequestCacheAwareFilter@4cb42a5a, org.springframework.security.web.servletapi.SecurityContextHolderAwareRequestFilter@5a131edc, org.springframework.security.web.authentication.AnonymousAuthenticationFilter@3444ac8f, org.springframework.security.web.session.SessionManagementFilter@7ec9d826, org.springframework.security.web.access.ExceptionTranslationFilter@3b386ba7, org.springframework.security.web.access.intercept.AuthorizationFilter@39a8905b]
2025-06-22T20:46:21.812Z  INFO 6709 --- [    Test worker] com.project.demo.DemoApplicationTests    : Started DemoApplicationTests in 6.163 seconds (process running for 7.57)
]]></system-out>
  <system-err><![CDATA[WARNING: A Java agent has been loaded dynamically (/home/jules/.gradle/caches/modules-2/files-2.1/net.bytebuddy/byte-buddy-agent/1.14.13/979ce25f7d3096a2e82214ba7dc972a05ce7a171/byte-buddy-agent-1.14.13.jar)
WARNING: If a serviceability tool is in use, please run with -XX:+EnableDynamicAgentLoading to hide this warning
WARNING: If a serviceability tool is not in use, please run with -Djdk.instrument.traceUsage for more information
WARNING: Dynamic loading of agents will be disallowed by default in a future release
]]></system-err>
</testsuite>
